Using pre-set license

 COMMAND LINE ARGUMENTS:
/Applications/Unity/Hub/Editor/2020.2.6f1/Unity.app/Contents/MacOS/Unity
-adb2
-batchMode
-noUpm
-name
AssetImportWorker0
-projectPath
/Users/aristofanis/Desktop/UNITY-PROJECTS/Mobile Game
-logFile
Logs/AssetImportWorker0.log
-srvPort
55473
Successfully changed project path to: /Users/aristofanis/Desktop/UNITY-PROJECTS/Mobile Game
/Users/aristofanis/Desktop/UNITY-PROJECTS/Mobile Game
Using Asset Import Pipeline V2.
Refreshing native plugins compatible for Editor in 30.94 ms, found 1 plugins.
Preloading 0 native plugins for Editor in 0.00 ms.
Initialize engine version: 2020.2.6f1 (8a2143876886)
[Subsystems] Discovering subsystems at path /Applications/Unity/Hub/Editor/2020.2.6f1/Unity.app/Contents/Resources/UnitySubsystems
[Subsystems] Discovering subsystems at path /Users/aristofanis/Desktop/UNITY-PROJECTS/Mobile Game/Assets
GfxDevice: creating device client; threaded=0
2021-04-24 14:47:34.543 Unity[6585:7539362] Color LCD preferred device: AMD Radeon Pro 560X (high power)
2021-04-24 14:47:34.543 Unity[6585:7539362] Metal devices available: 2
2021-04-24 14:47:34.543 Unity[6585:7539362] 0: AMD Radeon Pro 560X (high power)
2021-04-24 14:47:34.543 Unity[6585:7539362] 1: Intel(R) UHD Graphics 630 (low power)
2021-04-24 14:47:34.544 Unity[6585:7539362] Using device AMD Radeon Pro 560X (high power)
Initializing Metal device caps: AMD Radeon Pro 560X
Initialize mono
Mono path[0] = '/Applications/Unity/Hub/Editor/2020.2.6f1/Unity.app/Contents/Managed'
Mono path[1] = '/Applications/Unity/Hub/Editor/2020.2.6f1/Unity.app/Contents/MonoBleedingEdge/lib/mono/unityjit'
Mono config path = '/Applications/Unity/Hub/Editor/2020.2.6f1/Unity.app/Contents/MonoBleedingEdge/etc'
Using monoOptions --debugger-agent=transport=dt_socket,embedding=1,server=y,suspend=n,address=127.0.0.1:56585
Begin MonoManager ReloadAssembly
Registering precompiled unity dll's ...
Register platform support module: /Applications/Unity/Hub/Editor/2020.2.6f1/PlaybackEngines/WebGLSupport/UnityEditor.WebGL.Extensions.dll
Register platform support module: /Applications/Unity/Hub/Editor/2020.2.6f1/Unity.app/Contents/PlaybackEngines/MacStandaloneSupport/UnityEditor.OSXStandalone.Extensions.dll
Register platform support module: /Applications/Unity/Hub/Editor/2020.2.6f1/PlaybackEngines/WindowsStandaloneSupport/UnityEditor.WindowsStandalone.Extensions.dll
Registered in 0.001001 seconds.
Native extension for WindowsStandalone target not found
Native extension for OSXStandalone target not found
Native extension for WebGL target not found
Refreshing native plugins compatible for Editor in 29.67 ms, found 1 plugins.
Preloading 0 native plugins for Editor in 0.00 ms.
Invoked RoslynAnalysisRunner static constructor.
RoslynAnalysisRunner will not be running.
RoslynAnalysisRunner has terminated.
Mono: successfully reloaded assembly
- Completed reload, in  4.279 seconds
Platform modules already initialized, skipping
Registering precompiled user dll's ...
Registered in 0.000646 seconds.
Begin MonoManager ReloadAssembly
Native extension for WindowsStandalone target not found
Native extension for OSXStandalone target not found
Native extension for WebGL target not found
Refreshing native plugins compatible for Editor in 0.34 ms, found 1 plugins.
Preloading 0 native plugins for Editor in 0.00 ms.
Invoked RoslynAnalysisRunner static constructor.
RoslynAnalysisRunner will not be running.
RoslynAnalysisRunner has terminated.
Mono: successfully reloaded assembly
- Completed reload, in  1.198 seconds
Platform modules already initialized, skipping
========================================================================
Worker process is ready to serve import requests
Launching external process: /Applications/Unity/Hub/Editor/2020.2.6f1/Unity.app/Contents/Tools/UnityShaderCompiler
Launched and connected shader compiler UnityShaderCompiler after 0.02 seconds
Refreshing native plugins compatible for Editor in 0.40 ms, found 1 plugins.
Preloading 0 native plugins for Editor in 0.00 ms.
Unloading 1205 Unused Serialized files (Serialized files now loaded: 0)
System memory in use before: 118.2 MB.
System memory in use after: 118.3 MB.

Unloading 22 unused Assets to reduce memory usage. Loaded Objects now: 1636.
Total: 2.768287 ms (FindLiveObjects: 0.221121 ms CreateObjectMapping: 0.068188 ms MarkObjects: 2.398449 ms  DeleteObjects: 0.078462 ms)

========================================================================
Received Import Request.
  path: Assets/Models/cute-character.fbx
  artifactKey: Guid(0fcaed1bf3d5644a984d4f920cda3e30) Importer(815301076,1909f56bfc062723c751e8b465ee728b)
Start importing Assets/Models/cute-character.fbx using Guid(0fcaed1bf3d5644a984d4f920cda3e30) Importer(815301076,1909f56bfc062723c751e8b465ee728b)  -> (artifact id: 'da838c83ea0bc27f56c0844f9e6ad6c5') in 1.620631 seconds
  Import took 1.623258 seconds .

========================================================================
Received Import Request.
  Time since last request: 9.064569 seconds.
  path: Assets
  artifactKey: Guid(00000000000000001000000000000000) Importer(815301076,1909f56bfc062723c751e8b465ee728b)
Start importing Assets using Guid(00000000000000001000000000000000) Importer(815301076,1909f56bfc062723c751e8b465ee728b)  -> (artifact id: 'f47cf443bddc682ac2de11ea429897ce') in 0.002180 seconds
  Import took 0.004770 seconds .

========================================================================
Received Import Request.
  Time since last request: 18.426494 seconds.
  path: Assets/Models/ybot@Breathing Idle.fbx
  artifactKey: Guid(07b1f67789baa46008f701b60fa459cf) Importer(815301076,1909f56bfc062723c751e8b465ee728b)
Start importing Assets/Models/ybot@Breathing Idle.fbx using Guid(07b1f67789baa46008f701b60fa459cf) Importer(815301076,1909f56bfc062723c751e8b465ee728b)  -> (artifact id: 'd3a7b6ea0b7d439316e4b6633946a1d5') in 0.238423 seconds
  Import took 0.241902 seconds .

========================================================================
Received Import Request.
  Time since last request: 6.342897 seconds.
  path: Assets/Models/ybot@Standard Walk.fbx
  artifactKey: Guid(ace2dd5eee8c147aa819c54bfb19ec31) Importer(815301076,1909f56bfc062723c751e8b465ee728b)
Start importing Assets/Models/ybot@Standard Walk.fbx using Guid(ace2dd5eee8c147aa819c54bfb19ec31) Importer(815301076,1909f56bfc062723c751e8b465ee728b)  -> (artifact id: 'e98d6264e64ee05273666f19fb996e2d') in 0.106526 seconds
  Import took 0.110283 seconds .

========================================================================
Received Import Request.
  Time since last request: 0.007565 seconds.
  path: Assets/Models/ybot@Standard Walk.fbx
  artifactKey: Guid(ace2dd5eee8c147aa819c54bfb19ec31) Importer(815301076,1909f56bfc062723c751e8b465ee728b)
Start importing Assets/Models/ybot@Standard Walk.fbx using Guid(ace2dd5eee8c147aa819c54bfb19ec31) Importer(815301076,1909f56bfc062723c751e8b465ee728b)  -> (artifact id: 'e98d6264e64ee05273666f19fb996e2d') in 0.137930 seconds
  Import took 0.142147 seconds .

========================================================================
Received Prepare
Registering precompiled user dll's ...
Registered in 0.000900 seconds.
Begin MonoManager ReloadAssembly
Native extension for WindowsStandalone target not found
Native extension for OSXStandalone target not found
Native extension for WebGL target not found
Refreshing native plugins compatible for Editor in 0.45 ms, found 1 plugins.
Preloading 0 native plugins for Editor in 0.00 ms.
Invoked RoslynAnalysisRunner static constructor.
RoslynAnalysisRunner will not be running.
RoslynAnalysisRunner has terminated.
Mono: successfully reloaded assembly
- Completed reload, in  1.288 seconds
Platform modules already initialized, skipping
Switching build target platform(2) subTarget(0) extendedPlatform(0) -> platform(13) subTarget(537395200) extendedPlatform(0)
Refreshing native plugins compatible for Editor in 0.36 ms, found 1 plugins.
Preloading 0 native plugins for Editor in 0.00 ms.
Unloading 1202 Unused Serialized files (Serialized files now loaded: 0)
System memory in use before: 140.6 MB.
System memory in use after: 140.7 MB.

Unloading 17 unused Assets to reduce memory usage. Loaded Objects now: 1682.
Total: 1.788319 ms (FindLiveObjects: 0.159376 ms CreateObjectMapping: 0.043347 ms MarkObjects: 1.566228 ms  DeleteObjects: 0.018144 ms)

AssetImportParameters requested are different than current active one (requested -> active):
  custom:graphics/normal-map-encoding: 01000000000000000000000000000000 -> 02000000000000000000000000000000
========================================================================
Received Import Request.
  Time since last request: 171.387769 seconds.
  path: Assets/Models/ybot@Breathing Idle.fbx
  artifactKey: Guid(07b1f67789baa46008f701b60fa459cf) Importer(815301076,1909f56bfc062723c751e8b465ee728b)
Start importing Assets/Models/ybot@Breathing Idle.fbx using Guid(07b1f67789baa46008f701b60fa459cf) Importer(815301076,1909f56bfc062723c751e8b465ee728b)  -> (artifact id: '85d6a6d45b184cb834493e507dd05e0d') in 0.271481 seconds
  Import took 0.274370 seconds .

========================================================================
Received Import Request.
  Time since last request: 15.842154 seconds.
  path: Assets/Models/ybot@Standard Walk.fbx
  artifactKey: Guid(ace2dd5eee8c147aa819c54bfb19ec31) Importer(815301076,1909f56bfc062723c751e8b465ee728b)
Start importing Assets/Models/ybot@Standard Walk.fbx using Guid(ace2dd5eee8c147aa819c54bfb19ec31) Importer(815301076,1909f56bfc062723c751e8b465ee728b)  -> (artifact id: '9dd1abf9b677dccbf9704607e12a4c7b') in 0.243572 seconds
  Import took 0.246678 seconds .

========================================================================
Received Import Request.
  Time since last request: 109.917105 seconds.
  path: Assets/Animators
  artifactKey: Guid(a843dff2ed2224c68b240d2618f1c865) Importer(815301076,1909f56bfc062723c751e8b465ee728b)
Start importing Assets/Animators using Guid(a843dff2ed2224c68b240d2618f1c865) Importer(815301076,1909f56bfc062723c751e8b465ee728b)  -> (artifact id: 'd44f3005f541788a7ee7f40e820449a1') in 0.002558 seconds
  Import took 0.004691 seconds .

========================================================================
Received Import Request.
  Time since last request: 13.614290 seconds.
  path: Assets/Animators/New Animator Controller.controller
  artifactKey: Guid(7ed13f27cfb884e06bece54c4b0e49c6) Importer(815301076,1909f56bfc062723c751e8b465ee728b)
Start importing Assets/Animators/New Animator Controller.controller using Guid(7ed13f27cfb884e06bece54c4b0e49c6) Importer(815301076,1909f56bfc062723c751e8b465ee728b)  -> (artifact id: 'f791086a81445fa3b7ce26300f5775cd') in 0.398345 seconds
  Import took 0.401023 seconds .

========================================================================
Received Import Request.
  Time since last request: 16.783652 seconds.
  path: Assets/Animators/Humanoid.controller
  artifactKey: Guid(7ed13f27cfb884e06bece54c4b0e49c6) Importer(815301076,1909f56bfc062723c751e8b465ee728b)
Start importing Assets/Animators/Humanoid.controller using Guid(7ed13f27cfb884e06bece54c4b0e49c6) Importer(815301076,1909f56bfc062723c751e8b465ee728b)  -> (artifact id: '6c9628d18b99be5e6edcc8b1d1ac45c7') in 0.002575 seconds
  Import took 0.004945 seconds .

========================================================================
Received Prepare
Registering precompiled user dll's ...
Registered in 0.000463 seconds.
Begin MonoManager ReloadAssembly
Native extension for WindowsStandalone target not found
Native extension for OSXStandalone target not found
Native extension for WebGL target not found
Refreshing native plugins compatible for Editor in 0.33 ms, found 1 plugins.
Preloading 0 native plugins for Editor in 0.00 ms.
Invoked RoslynAnalysisRunner static constructor.
RoslynAnalysisRunner will not be running.
RoslynAnalysisRunner has terminated.
Mono: successfully reloaded assembly
- Completed reload, in  1.114 seconds
Platform modules already initialized, skipping
Switching build target platform(2) subTarget(0) extendedPlatform(0) -> platform(13) subTarget(537395200) extendedPlatform(0)
Refreshing native plugins compatible for Editor in 0.34 ms, found 1 plugins.
Preloading 0 native plugins for Editor in 0.00 ms.
Unloading 1202 Unused Serialized files (Serialized files now loaded: 0)
System memory in use before: 145.3 MB.
System memory in use after: 145.4 MB.

Unloading 17 unused Assets to reduce memory usage. Loaded Objects now: 1685.
Total: 2.005963 ms (FindLiveObjects: 0.227218 ms CreateObjectMapping: 0.049006 ms MarkObjects: 1.710347 ms  DeleteObjects: 0.017838 ms)

AssetImportParameters requested are different than current active one (requested -> active):
  custom:graphics/normal-map-encoding: 01000000000000000000000000000000 -> 02000000000000000000000000000000
========================================================================
Received Prepare
Registering precompiled user dll's ...
Registered in 0.000551 seconds.
Begin MonoManager ReloadAssembly
Native extension for WindowsStandalone target not found
Native extension for OSXStandalone target not found
Native extension for WebGL target not found
Refreshing native plugins compatible for Editor in 0.39 ms, found 1 plugins.
Preloading 0 native plugins for Editor in 0.00 ms.
Invoked RoslynAnalysisRunner static constructor.
RoslynAnalysisRunner will not be running.
RoslynAnalysisRunner has terminated.
Mono: successfully reloaded assembly
- Completed reload, in  1.343 seconds
Platform modules already initialized, skipping
Switching build target platform(2) subTarget(0) extendedPlatform(0) -> platform(13) subTarget(537395200) extendedPlatform(0)
Refreshing native plugins compatible for Editor in 0.40 ms, found 1 plugins.
Preloading 0 native plugins for Editor in 0.00 ms.
Unloading 1202 Unused Serialized files (Serialized files now loaded: 0)
System memory in use before: 145.5 MB.
System memory in use after: 145.6 MB.

Unloading 17 unused Assets to reduce memory usage. Loaded Objects now: 1687.
Total: 2.104678 ms (FindLiveObjects: 0.178368 ms CreateObjectMapping: 0.049342 ms MarkObjects: 1.854048 ms  DeleteObjects: 0.021363 ms)

AssetImportParameters requested are different than current active one (requested -> active):
  custom:graphics/normal-map-encoding: 01000000000000000000000000000000 -> 02000000000000000000000000000000
========================================================================
Received Import Request.
  Time since last request: 233.311380 seconds.
  path: Assets/Models/ybot@Breathing Idle.fbx
  artifactKey: Guid(07b1f67789baa46008f701b60fa459cf) Importer(815301076,1909f56bfc062723c751e8b465ee728b)
Start importing Assets/Models/ybot@Breathing Idle.fbx using Guid(07b1f67789baa46008f701b60fa459cf) Importer(815301076,1909f56bfc062723c751e8b465ee728b)  -> (artifact id: '31cfebfb4ff905a16a12aa21bdc5676b') in 0.268617 seconds
  Import took 0.272221 seconds .

========================================================================
Received Prepare
Registering precompiled user dll's ...
Registered in 0.000541 seconds.
Begin MonoManager ReloadAssembly
Native extension for WindowsStandalone target not found
Native extension for OSXStandalone target not found
Native extension for WebGL target not found
Refreshing native plugins compatible for Editor in 0.39 ms, found 1 plugins.
Preloading 0 native plugins for Editor in 0.00 ms.
Invoked RoslynAnalysisRunner static constructor.
RoslynAnalysisRunner will not be running.
RoslynAnalysisRunner has terminated.
Mono: successfully reloaded assembly
- Completed reload, in  1.355 seconds
Platform modules already initialized, skipping
Switching build target platform(2) subTarget(0) extendedPlatform(0) -> platform(13) subTarget(537395200) extendedPlatform(0)
Refreshing native plugins compatible for Editor in 0.41 ms, found 1 plugins.
Preloading 0 native plugins for Editor in 0.00 ms.
Unloading 1202 Unused Serialized files (Serialized files now loaded: 0)
System memory in use before: 145.8 MB.
System memory in use after: 145.9 MB.

Unloading 17 unused Assets to reduce memory usage. Loaded Objects now: 1690.
Total: 2.034829 ms (FindLiveObjects: 0.167652 ms CreateObjectMapping: 0.047763 ms MarkObjects: 1.800065 ms  DeleteObjects: 0.018054 ms)

AssetImportParameters requested are different than current active one (requested -> active):
  custom:graphics/normal-map-encoding: 01000000000000000000000000000000 -> 02000000000000000000000000000000
========================================================================
Received Import Request.
  Time since last request: 281.217103 seconds.
  path: Assets/Animators/Humanoid.controller
  artifactKey: Guid(7ed13f27cfb884e06bece54c4b0e49c6) Importer(815301076,1909f56bfc062723c751e8b465ee728b)
Start importing Assets/Animators/Humanoid.controller using Guid(7ed13f27cfb884e06bece54c4b0e49c6) Importer(815301076,1909f56bfc062723c751e8b465ee728b)  -> (artifact id: 'ba1681b77328f3f23b66b863a6c871c8') in 0.025150 seconds
  Import took 0.027659 seconds .

========================================================================
Received Prepare
Registering precompiled user dll's ...
Registered in 0.000342 seconds.
Begin MonoManager ReloadAssembly
Native extension for WindowsStandalone target not found
Native extension for OSXStandalone target not found
Native extension for WebGL target not found
Refreshing native plugins compatible for Editor in 0.32 ms, found 1 plugins.
Preloading 0 native plugins for Editor in 0.00 ms.
Invoked RoslynAnalysisRunner static constructor.
RoslynAnalysisRunner will not be running.
RoslynAnalysisRunner has terminated.
Mono: successfully reloaded assembly
- Completed reload, in  0.921 seconds
Platform modules already initialized, skipping
Switching build target platform(2) subTarget(0) extendedPlatform(0) -> platform(13) subTarget(537395200) extendedPlatform(0)
Refreshing native plugins compatible for Editor in 0.30 ms, found 1 plugins.
Preloading 0 native plugins for Editor in 0.00 ms.
Unloading 1202 Unused Serialized files (Serialized files now loaded: 0)
System memory in use before: 146.0 MB.
System memory in use after: 146.1 MB.

Unloading 17 unused Assets to reduce memory usage. Loaded Objects now: 1692.
Total: 1.448553 ms (FindLiveObjects: 0.131452 ms CreateObjectMapping: 0.034011 ms MarkObjects: 1.268857 ms  DeleteObjects: 0.013260 ms)

AssetImportParameters requested are different than current active one (requested -> active):
  custom:graphics/normal-map-encoding: 01000000000000000000000000000000 -> 02000000000000000000000000000000
========================================================================
Received Import Request.
  Time since last request: 134.127089 seconds.
  path: Assets/Models/ybot@Standard Walk.fbx
  artifactKey: Guid(ace2dd5eee8c147aa819c54bfb19ec31) Importer(815301076,1909f56bfc062723c751e8b465ee728b)
Start importing Assets/Models/ybot@Standard Walk.fbx using Guid(ace2dd5eee8c147aa819c54bfb19ec31) Importer(815301076,1909f56bfc062723c751e8b465ee728b)  -> (artifact id: '0a9736b8e82bbf8ccdc08fc6f2926008') in 0.143936 seconds
  Import took 0.146360 seconds .

========================================================================
Received Prepare
Registering precompiled user dll's ...
Registered in 0.000400 seconds.
Begin MonoManager ReloadAssembly
Native extension for WindowsStandalone target not found
Native extension for OSXStandalone target not found
Native extension for WebGL target not found
Refreshing native plugins compatible for Editor in 0.27 ms, found 1 plugins.
Preloading 0 native plugins for Editor in 0.00 ms.
Invoked RoslynAnalysisRunner static constructor.
RoslynAnalysisRunner will not be running.
RoslynAnalysisRunner has terminated.
Mono: successfully reloaded assembly
- Completed reload, in  0.881 seconds
Platform modules already initialized, skipping
Switching build target platform(2) subTarget(0) extendedPlatform(0) -> platform(13) subTarget(537395200) extendedPlatform(0)
Refreshing native plugins compatible for Editor in 0.28 ms, found 1 plugins.
Preloading 0 native plugins for Editor in 0.00 ms.
Unloading 1202 Unused Serialized files (Serialized files now loaded: 0)
System memory in use before: 146.4 MB.
System memory in use after: 146.5 MB.

Unloading 17 unused Assets to reduce memory usage. Loaded Objects now: 1695.
Total: 1.589703 ms (FindLiveObjects: 0.166913 ms CreateObjectMapping: 0.040980 ms MarkObjects: 1.365410 ms  DeleteObjects: 0.015163 ms)

AssetImportParameters requested are different than current active one (requested -> active):
  custom:graphics/normal-map-encoding: 01000000000000000000000000000000 -> 02000000000000000000000000000000
========================================================================
Received Prepare
Registering precompiled user dll's ...
Registered in 0.000668 seconds.
Begin MonoManager ReloadAssembly
Native extension for WindowsStandalone target not found
Native extension for OSXStandalone target not found
Native extension for WebGL target not found
Refreshing native plugins compatible for Editor in 0.29 ms, found 1 plugins.
Preloading 0 native plugins for Editor in 0.00 ms.
Invoked RoslynAnalysisRunner static constructor.
RoslynAnalysisRunner will not be running.
RoslynAnalysisRunner has terminated.
Mono: successfully reloaded assembly
- Completed reload, in  0.892 seconds
Platform modules already initialized, skipping
Switching build target platform(2) subTarget(0) extendedPlatform(0) -> platform(13) subTarget(537395200) extendedPlatform(0)
Refreshing native plugins compatible for Editor in 0.59 ms, found 1 plugins.
Preloading 0 native plugins for Editor in 0.00 ms.
Unloading 1202 Unused Serialized files (Serialized files now loaded: 0)
System memory in use before: 146.5 MB.
System memory in use after: 146.6 MB.

Unloading 17 unused Assets to reduce memory usage. Loaded Objects now: 1697.
Total: 1.811534 ms (FindLiveObjects: 0.321467 ms CreateObjectMapping: 0.116094 ms MarkObjects: 1.355308 ms  DeleteObjects: 0.017564 ms)

AssetImportParameters requested are different than current active one (requested -> active):
  custom:graphics/normal-map-encoding: 01000000000000000000000000000000 -> 02000000000000000000000000000000
========================================================================
Received Import Request.
  Time since last request: 774.882639 seconds.
  path: Assets/Animators/Humanoid.controller
  artifactKey: Guid(7ed13f27cfb884e06bece54c4b0e49c6) Importer(815301076,1909f56bfc062723c751e8b465ee728b)
Start importing Assets/Animators/Humanoid.controller using Guid(7ed13f27cfb884e06bece54c4b0e49c6) Importer(815301076,1909f56bfc062723c751e8b465ee728b)  -> (artifact id: '44c6e65f0bd823fdcb9259b2a1921321') in 0.016676 seconds
  Import took 0.019138 seconds .

========================================================================
Received Import Request.
  Time since last request: 0.002193 seconds.
  path: Assets/Animators/Humanoid.controller
  artifactKey: Guid(7ed13f27cfb884e06bece54c4b0e49c6) Importer(815301076,1909f56bfc062723c751e8b465ee728b)
Start importing Assets/Animators/Humanoid.controller using Guid(7ed13f27cfb884e06bece54c4b0e49c6) Importer(815301076,1909f56bfc062723c751e8b465ee728b)  -> (artifact id: '44c6e65f0bd823fdcb9259b2a1921321') in 0.004263 seconds
  Import took 0.006601 seconds .

========================================================================
Received Prepare
Registering precompiled user dll's ...
Registered in 0.000429 seconds.
Begin MonoManager ReloadAssembly
Native extension for WindowsStandalone target not found
Native extension for OSXStandalone target not found
Native extension for WebGL target not found
Refreshing native plugins compatible for Editor in 0.28 ms, found 1 plugins.
Preloading 0 native plugins for Editor in 0.00 ms.
Invoked RoslynAnalysisRunner static constructor.
RoslynAnalysisRunner will not be running.
RoslynAnalysisRunner has terminated.
Mono: successfully reloaded assembly
- Completed reload, in  0.885 seconds
Platform modules already initialized, skipping
Switching build target platform(2) subTarget(0) extendedPlatform(0) -> platform(13) subTarget(537395200) extendedPlatform(0)
Refreshing native plugins compatible for Editor in 0.30 ms, found 1 plugins.
Preloading 0 native plugins for Editor in 0.00 ms.
Unloading 1202 Unused Serialized files (Serialized files now loaded: 0)
System memory in use before: 146.7 MB.
System memory in use after: 146.8 MB.

Unloading 17 unused Assets to reduce memory usage. Loaded Objects now: 1699.
Total: 1.520742 ms (FindLiveObjects: 0.190194 ms CreateObjectMapping: 0.043977 ms MarkObjects: 1.270376 ms  DeleteObjects: 0.014635 ms)

AssetImportParameters requested are different than current active one (requested -> active):
  custom:graphics/normal-map-encoding: 01000000000000000000000000000000 -> 02000000000000000000000000000000
AssetImportWorkerClient::OnTransportError - code=2 error=End of file
